24-05-06.20:00|[walker2d-medium-expert-v2|exp_1|diffusion-ql|T-5|ms-offline|k-1|0] --------------  ----------
24-05-06.20:00|[walker2d-medium-expert-v2|exp_1|diffusion-ql|T-5|ms-offline|k-1|0] Trained Epochs  50
24-05-06.20:00|[walker2d-medium-expert-v2|exp_1|diffusion-ql|T-5|ms-offline|k-1|0] BC Loss          0.0485867
24-05-06.20:00|[walker2d-medium-expert-v2|exp_1|diffusion-ql|T-5|ms-offline|k-1|0] QL Loss         -0.999978
24-05-06.20:00|[walker2d-medium-expert-v2|exp_1|diffusion-ql|T-5|ms-offline|k-1|0] Actor Loss      -0.951391
24-05-06.20:00|[walker2d-medium-expert-v2|exp_1|diffusion-ql|T-5|ms-offline|k-1|0] Critic Loss     22.0629
24-05-06.20:00|[walker2d-medium-expert-v2|exp_1|diffusion-ql|T-5|ms-offline|k-1|0] --------------  ----------
24-05-06.20:00|[walker2d-medium-expert-v2|exp_1|diffusion-ql|T-5|ms-offline|k-1|0] -------------------------  -----------
24-05-06.20:00|[walker2d-medium-expert-v2|exp_1|diffusion-ql|T-5|ms-offline|k-1|0] Average Episodic Reward    3501.97
24-05-06.20:00|[walker2d-medium-expert-v2|exp_1|diffusion-ql|T-5|ms-offline|k-1|0] Average Episodic N-Reward     0.762491
24-05-06.20:00|[walker2d-medium-expert-v2|exp_1|diffusion-ql|T-5|ms-offline|k-1|0] -------------------------  -----------
24-05-06.20:15|[walker2d-medium-expert-v2|exp_1|diffusion-ql|T-5|ms-offline|k-1|0] --------------  -----------
24-05-06.20:15|[walker2d-medium-expert-v2|exp_1|diffusion-ql|T-5|ms-offline|k-1|0] Trained Epochs  100
24-05-06.20:15|[walker2d-medium-expert-v2|exp_1|diffusion-ql|T-5|ms-offline|k-1|0] BC Loss           0.0339292
24-05-06.20:15|[walker2d-medium-expert-v2|exp_1|diffusion-ql|T-5|ms-offline|k-1|0] QL Loss          -1
24-05-06.20:15|[walker2d-medium-expert-v2|exp_1|diffusion-ql|T-5|ms-offline|k-1|0] Actor Loss       -0.966075
24-05-06.20:15|[walker2d-medium-expert-v2|exp_1|diffusion-ql|T-5|ms-offline|k-1|0] Critic Loss      32.2893
24-05-06.20:15|[walker2d-medium-expert-v2|exp_1|diffusion-ql|T-5|ms-offline|k-1|0] --------------  -----------
24-05-06.20:16|[walker2d-medium-expert-v2|exp_1|diffusion-ql|T-5|ms-offline|k-1|0] -------------------------  ----------
24-05-06.20:16|[walker2d-medium-expert-v2|exp_1|diffusion-ql|T-5|ms-offline|k-1|0] Average Episodic Reward    5009.75
24-05-06.20:16|[walker2d-medium-expert-v2|exp_1|diffusion-ql|T-5|ms-offline|k-1|0] Average Episodic N-Reward     1.09093
24-05-06.20:16|[walker2d-medium-expert-v2|exp_1|diffusion-ql|T-5|ms-offline|k-1|0] -------------------------  ----------
24-05-06.20:31|[walker2d-medium-expert-v2|exp_1|diffusion-ql|T-5|ms-offline|k-1|0] --------------  -----------
24-05-06.20:31|[walker2d-medium-expert-v2|exp_1|diffusion-ql|T-5|ms-offline|k-1|0] Trained Epochs  150
24-05-06.20:31|[walker2d-medium-expert-v2|exp_1|diffusion-ql|T-5|ms-offline|k-1|0] BC Loss           0.0316456
24-05-06.20:31|[walker2d-medium-expert-v2|exp_1|diffusion-ql|T-5|ms-offline|k-1|0] QL Loss          -1.00001
24-05-06.20:31|[walker2d-medium-expert-v2|exp_1|diffusion-ql|T-5|ms-offline|k-1|0] Actor Loss       -0.96836
24-05-06.20:31|[walker2d-medium-expert-v2|exp_1|diffusion-ql|T-5|ms-offline|k-1|0] Critic Loss      36.5301
24-05-06.20:31|[walker2d-medium-expert-v2|exp_1|diffusion-ql|T-5|ms-offline|k-1|0] --------------  -----------
24-05-06.20:31|[walker2d-medium-expert-v2|exp_1|diffusion-ql|T-5|ms-offline|k-1|0] -------------------------  ----------
24-05-06.20:31|[walker2d-medium-expert-v2|exp_1|diffusion-ql|T-5|ms-offline|k-1|0] Average Episodic Reward    5013.76
24-05-06.20:31|[walker2d-medium-expert-v2|exp_1|diffusion-ql|T-5|ms-offline|k-1|0] Average Episodic N-Reward     1.09181
24-05-06.20:31|[walker2d-medium-expert-v2|exp_1|diffusion-ql|T-5|ms-offline|k-1|0] -------------------------  ----------
